[21:42:44] [main/INFO]: Environment: authHost='https://authserver.mojang.com', accountsHost='https://api.mojang.com', sessionHost='https://sessionserver.mojang.com', servicesHost='https://api.minecraftservices.com', name='PROD'
[21:42:44] [main/INFO]: Reloading ResourceManager: Default, bukkit
[21:42:44] [Worker-Main-2/INFO]: Loaded 7 recipes
[21:42:45] [Server thread/INFO]: Starting minecraft server version 1.16.4
[21:42:45] [Server thread/INFO]: Loading properties
[21:42:45] [Server thread/INFO]: This server is running Paper version git-Paper-299 (MC: 1.16.4) (Implementing API version 1.16.4-R0.1-SNAPSHOT)
[21:42:45] [Server thread/INFO]: Debug logging is disabled
[21:42:45] [Server thread/INFO]: Server Ping Player Sample Count: 12
[21:42:45] [Server thread/INFO]: Using 4 threads for Netty based IO
[21:42:45] [Server thread/INFO]: Default game type: SURVIVAL
[21:42:45] [Server thread/INFO]: Generating keypair
[21:42:45] [Server thread/INFO]: Starting Minecraft server on *:25565
[21:42:45] [Server thread/INFO]: Using default channel type
[21:42:46] [Server thread/ERROR]: Could not load 'plugins\EcoEnchants-5.2.11-Cracked.jar' in folder 'plugins'
org.bukkit.plugin.UnknownDependencyException: Unknown dependency ProtocolLib. Please download and install ProtocolLib to run this plugin.
	at org.bukkit.plugin.SimplePluginManager.loadPlugins(SimplePluginManager.java:272) ~[patched_1.16.4.jar:git-Paper-299]
	at org.bukkit.craftbukkit.v1_16_R3.CraftServer.loadPlugins(CraftServer.java:389) ~[patched_1.16.4.jar:git-Paper-299]
	at net.minecraft.server.v1_16_R3.DedicatedServer.init(DedicatedServer.java:206) ~[patched_1.16.4.jar:git-Paper-299]
	at net.minecraft.server.v1_16_R3.MinecraftServer.w(MinecraftServer.java:935) ~[patched_1.16.4.jar:git-Paper-299]
	at net.minecraft.server.v1_16_R3.MinecraftServer.lambda$a$0(MinecraftServer.java:177) ~[patched_1.16.4.jar:git-Paper-299]
	at net.minecraft.server.v1_16_R3.MinecraftServer$$Lambda$3065/905550128.run(Unknown Source) ~[?:?]
	at java.lang.Thread.run(Unknown Source) [?:1.8.0_51]
[21:42:46] [Server thread/WARN]: Initializing Legacy Material Support. Unless you have legacy plugins and/or data this is a bug!
[21:42:49] [Server thread/WARN]: Legacy plugin Votifier v1.9 does not specify an api-version.
[21:42:49] [Server thread/WARN]: Legacy plugin CMIEInjector v1.0.2.3 does not specify an api-version.
[21:42:49] [Server thread/INFO]: [PlaceholderAPI] Loading PlaceholderAPI v2.10.9
[21:42:49] [Server thread/INFO]: [BkShop] Loading BkShop v2.4
[21:42:49] [Server thread/INFO]: [Vault] Loading Vault v1.7.3-b131
[21:42:49] [Server thread/INFO]: [MySkin] Loading MySkin v3.3
[21:42:49] [Server thread/INFO]: [Votifier] [Votifier] Loading Votifier v1.9
[21:42:49] [Server thread/INFO]: [MinecraftServerManager] Loading MinecraftServerManager v1.0.3
[21:42:49] [Server thread/INFO]: [LagAssist] Loading LagAssist v2.23.0
[21:42:49] [Server thread/INFO]: [Citizens] Loading Citizens v2.0.27-SNAPSHOT (build 2184)
[21:42:49] [Server thread/INFO]: [WorldEdit] Loading WorldEdit v7.2.0+a51fa43
[21:42:49] [Server thread/INFO]: Got request to register class com.sk89q.worldedit.bukkit.BukkitServerInterface with WorldEdit [com.sk89q.worldedit.extension.platform.PlatformManager@3ceb5837]
[21:42:49] [Server thread/INFO]: [Towny] Loading Towny v0.96.5.0
[21:42:49] [Server thread/INFO]: [CommandPanels] Loading CommandPanels v3.14.1.3
[21:42:49] [Server thread/INFO]: [WorldGuard] Loading WorldGuard v7.0.4+f7ff984
[21:42:49] [Server thread/INFO]: [TownyChat] Loading TownyChat v0.83
[21:42:49] [Server thread/INFO]: [TownyNameUpdater] Loading TownyNameUpdater v5.0
[21:42:49] [Server thread/INFO]: [mcMMO] Loading mcMMO v2.1.158
[21:42:49] [Server thread/INFO]: [mcMMO] Registered WG flags successfully!
[21:42:49] [Server thread/INFO]: [NexEngine] Loading NexEngine v2.0.2
[21:42:49] [Server thread/INFO]: [GriefPrevention] Loading GriefPrevention v16.16.0
[21:42:49] [Server thread/INFO]: [CMI] Loading CMI v8.7.11.2
[21:42:49] [Server thread/INFO]: [QuantumShop] Loading QuantumShop v3.10.1
[21:42:49] [Server thread/INFO]: [CMIEInjector] Loading CMIEInjector v1.0.2.3
[21:42:49] [Server thread/INFO]: [EpicSpawners] Loading EpicSpawners v6.4.10
[21:42:49] [Server thread/INFO]: Server permissions file permissions.yml is empty, ignoring it
[21:42:49] [Server thread/INFO]: [Vault] Enabling Vault v1.7.3-b131
[21:42:49] [Server thread/INFO]: [Vault] [Permission] SuperPermissions loaded as backup permission system.
[21:42:49] [Server thread/INFO]: [Vault] Enabled Version 1.7.3-b131
[21:42:49] [Server thread/INFO]: [WorldEdit] Enabling WorldEdit v7.2.0+a51fa43
[21:42:49] [Server thread/INFO]: WEPIF: Vault detected! Using Vault for permissions
[21:42:50] [Server thread/INFO]: Using com.sk89q.worldedit.bukkit.adapter.impl.Spigot_v1_16_R3 as the Bukkit adapter
[21:42:50] [Server thread/INFO]: [NexEngine] Enabling NexEngine v2.0.2
[21:42:50] [Server thread/WARN]: [NexEngine] ============== DISCLAIMER ==============
[21:42:50] [Server thread/WARN]: [NexEngine] > You're running an unknown Spigot fork.
[21:42:50] [Server thread/WARN]: [NexEngine] > This plugin is designed to work on Spigot (spigotmc.org) only!
[21:42:50] [Server thread/WARN]: [NexEngine] > You won't get any support for any issues unless they persist on regular Spigot.
[21:42:50] [Server thread/WARN]: [NexEngine] ========================================
[21:42:50] [Server thread/INFO]: [NexEngine] Loaded NMS version: V1_16_R3
[21:42:50] [Server thread/INFO]: [NexEngine] Successfully hooked with SuperPerms permissions
[21:42:50] [Server thread/INFO]: [NexEngine] [Hook] Vault: Success!
[21:42:50] [Server thread/INFO]: [NexEngine] Plugin loaded in 103 ms!
[21:42:50] [Server thread/INFO]: [CMIEInjector] Enabling CMIEInjector v1.0.2.3*
[21:42:50] [Server thread/INFO]: [CMIEInjector] Injecting CMI Economy
[21:42:50] [Server thread/INFO]: [NexEngine] Successfully hooked with CMIEconomy economy
[21:42:50] [Server thread/INFO]: [CMIEInjector] [Economy] CMI Economy found: Waiting
[21:42:50] [Server thread/WARN]: **** SERVER IS RUNNING IN OFFLINE/INSECURE MODE!
[21:42:50] [Server thread/WARN]: The server will make no attempt to authenticate usernames. Beware.
[21:42:50] [Server thread/WARN]: While this makes the game possible to play without internet access, it also opens up the ability for hackers to connect with any username they choose.
[21:42:50] [Server thread/WARN]: To change this, set "online-mode" to "true" in the server.properties file.
[21:42:50] [Server thread/INFO]: Preparing level "world"
[21:42:50] [Server thread/INFO]: -------- World Settings For [world] --------
[21:42:50] [Server thread/INFO]: Entity Tracking Range: Pl 48 / An 48 / Mo 48 / Mi 32 / Other 64
[21:42:50] [Server thread/INFO]: Allow Zombie Pigmen to spawn from portal blocks: true
[21:42:50] [Server thread/INFO]: Item Merge Radius: 2.5
[21:42:50] [Server thread/INFO]: Item Despawn Rate: 6000
[21:42:50] [Server thread/INFO]: View Distance: 10
[21:42:50] [Server thread/INFO]: Zombie Aggressive Towards Villager: true
[21:42:50] [Server thread/INFO]: Arrow Despawn Rate: 1200 Trident Respawn Rate:1200
[21:42:50] [Server thread/INFO]: Nerfing mobs spawned from spawners: false
[21:42:50] [Server thread/INFO]: Mob Spawn Range: 8
[21:42:50] [Server thread/INFO]: Custom Map Seeds:  Village: 10387312 Desert: 14357617 Igloo: 14357618 Jungle: 14357619 Swamp: 14357620 Monument: 10387313 Ocean: 14357621 Shipwreck: 165745295 End City: 10387313 Slime: 987234911 Bastion: 30084232 Fortress: 30084232 Mansion: 10387319 Fossil: 14357921 Portal: 34222645
[21:42:50] [Server thread/INFO]: Experience Merge Radius: 3.0
[21:42:50] [Server thread/INFO]: Cactus Growth Modifier: 100%
[21:42:50] [Server thread/INFO]: Cane Growth Modifier: 100%
[21:42:50] [Server thread/INFO]: Melon Growth Modifier: 100%
[21:42:50] [Server thread/INFO]: Mushroom Growth Modifier: 100%
[21:42:50] [Server thread/INFO]: Pumpkin Growth Modifier: 100%
[21:42:50] [Server thread/INFO]: Sapling Growth Modifier: 100%
[21:42:50] [Server thread/INFO]: Beetroot Growth Modifier: 100%
[21:42:50] [Server thread/INFO]: Carrot Growth Modifier: 100%
[21:42:50] [Server thread/INFO]: Potato Growth Modifier: 100%
[21:42:50] [Server thread/INFO]: Wheat Growth Modifier: 100%
[21:42:50] [Server thread/INFO]: NetherWart Growth Modifier: 100%
[21:42:50] [Server thread/INFO]: Vine Growth Modifier: 100%
[21:42:50] [Server thread/INFO]: Cocoa Growth Modifier: 100%
[21:42:50] [Server thread/INFO]: Bamboo Growth Modifier: 100%
[21:42:50] [Server thread/INFO]: SweetBerry Growth Modifier: 100%
[21:42:50] [Server thread/INFO]: Kelp Growth Modifier: 100%
[21:42:50] [Server thread/INFO]: Max TNT Explosions: 100
[21:42:50] [Server thread/INFO]: Tile Max Tick Time: 50ms Entity max Tick Time: 50ms
[21:42:50] [Server thread/INFO]: Hopper Transfer: 8 Hopper Check: 1 Hopper Amount: 1
[21:42:50] [Server thread/INFO]: Entity Activation Range: An 32 / Mo 32 / Ra 48 / Mi 16 / Tiv true
[21:42:50] [Server thread/INFO]: Registering commands with com.sk89q.worldedit.bukkit.BukkitServerInterface
[21:42:51] [Server thread/INFO]: -------- World Settings For [world_nether] --------
[21:42:51] [Server thread/INFO]: Entity Tracking Range: Pl 48 / An 48 / Mo 48 / Mi 32 / Other 64
[21:42:51] [Server thread/INFO]: Allow Zombie Pigmen to spawn from portal blocks: true
[21:42:51] [Server thread/INFO]: Item Merge Radius: 2.5
[21:42:51] [Server thread/INFO]: Item Despawn Rate: 6000
[21:42:51] [Server thread/INFO]: View Distance: 10
[21:42:51] [Server thread/INFO]: Zombie Aggressive Towards Villager: true
[21:42:51] [Server thread/INFO]: Arrow Despawn Rate: 1200 Trident Respawn Rate:1200
[21:42:51] [Server thread/INFO]: Nerfing mobs spawned from spawners: false
[21:42:51] [Server thread/INFO]: Mob Spawn Range: 8
[21:42:51] [Server thread/INFO]: Custom Map Seeds:  Village: 10387312 Desert: 14357617 Igloo: 14357618 Jungle: 14357619 Swamp: 14357620 Monument: 10387313 Ocean: 14357621 Shipwreck: 165745295 End City: 10387313 Slime: 987234911 Bastion: 30084232 Fortress: 30084232 Mansion: 10387319 Fossil: 14357921 Portal: 34222645
[21:42:51] [Server thread/INFO]: Experience Merge Radius: 3.0
[21:42:51] [Server thread/INFO]: Cactus Growth Modifier: 100%
[21:42:51] [Server thread/INFO]: Cane Growth Modifier: 100%
[21:42:51] [Server thread/INFO]: Melon Growth Modifier: 100%
[21:42:51] [Server thread/INFO]: Mushroom Growth Modifier: 100%
[21:42:51] [Server thread/INFO]: Pumpkin Growth Modifier: 100%
[21:42:51] [Server thread/INFO]: Sapling Growth Modifier: 100%
[21:42:51] [Server thread/INFO]: Beetroot Growth Modifier: 100%
[21:42:51] [Server thread/INFO]: Carrot Growth Modifier: 100%
[21:42:51] [Server thread/INFO]: Potato Growth Modifier: 100%
[21:42:51] [Server thread/INFO]: Wheat Growth Modifier: 100%
[21:42:51] [Server thread/INFO]: NetherWart Growth Modifier: 100%
[21:42:51] [Server thread/INFO]: Vine Growth Modifier: 100%
[21:42:51] [Server thread/INFO]: Cocoa Growth Modifier: 100%
[21:42:51] [Server thread/INFO]: Bamboo Growth Modifier: 100%
[21:42:51] [Server thread/INFO]: SweetBerry Growth Modifier: 100%
[21:42:51] [Server thread/INFO]: Kelp Growth Modifier: 100%
[21:42:51] [Server thread/INFO]: Max TNT Explosions: 100
[21:42:51] [Server thread/INFO]: Tile Max Tick Time: 50ms Entity max Tick Time: 50ms
[21:42:51] [Server thread/INFO]: Hopper Transfer: 8 Hopper Check: 1 Hopper Amount: 1
[21:42:51] [Server thread/INFO]: Entity Activation Range: An 32 / Mo 32 / Ra 48 / Mi 16 / Tiv true
[21:42:51] [Server thread/INFO]: -------- World Settings For [world_the_end] --------
[21:42:51] [Server thread/INFO]: Entity Tracking Range: Pl 48 / An 48 / Mo 48 / Mi 32 / Other 64
[21:42:51] [Server thread/INFO]: Allow Zombie Pigmen to spawn from portal blocks: true
[21:42:51] [Server thread/INFO]: Item Merge Radius: 2.5
[21:42:51] [Server thread/INFO]: Item Despawn Rate: 6000
[21:42:51] [Server thread/INFO]: View Distance: 10
[21:42:51] [Server thread/INFO]: Zombie Aggressive Towards Villager: true
[21:42:51] [Server thread/INFO]: Arrow Despawn Rate: 1200 Trident Respawn Rate:1200
[21:42:51] [Server thread/INFO]: Nerfing mobs spawned from spawners: false
[21:42:51] [Server thread/INFO]: Mob Spawn Range: 8
[21:42:51] [Server thread/INFO]: Custom Map Seeds:  Village: 10387312 Desert: 14357617 Igloo: 14357618 Jungle: 14357619 Swamp: 14357620 Monument: 10387313 Ocean: 14357621 Shipwreck: 165745295 End City: 10387313 Slime: 987234911 Bastion: 30084232 Fortress: 30084232 Mansion: 10387319 Fossil: 14357921 Portal: 34222645
[21:42:51] [Server thread/INFO]: Experience Merge Radius: 3.0
[21:42:51] [Server thread/INFO]: Cactus Growth Modifier: 100%
[21:42:51] [Server thread/INFO]: Cane Growth Modifier: 100%
[21:42:51] [Server thread/INFO]: Melon Growth Modifier: 100%
[21:42:51] [Server thread/INFO]: Mushroom Growth Modifier: 100%
[21:42:51] [Server thread/INFO]: Pumpkin Growth Modifier: 100%
[21:42:51] [Server thread/INFO]: Sapling Growth Modifier: 100%
[21:42:51] [Server thread/INFO]: Beetroot Growth Modifier: 100%
[21:42:51] [Server thread/INFO]: Carrot Growth Modifier: 100%
[21:42:51] [Server thread/INFO]: Potato Growth Modifier: 100%
[21:42:51] [Server thread/INFO]: Wheat Growth Modifier: 100%
[21:42:51] [Server thread/INFO]: NetherWart Growth Modifier: 100%
[21:42:51] [Server thread/INFO]: Vine Growth Modifier: 100%
[21:42:51] [Server thread/INFO]: Cocoa Growth Modifier: 100%
[21:42:51] [Server thread/INFO]: Bamboo Growth Modifier: 100%
[21:42:51] [Server thread/INFO]: SweetBerry Growth Modifier: 100%
[21:42:51] [Server thread/INFO]: Kelp Growth Modifier: 100%
[21:42:51] [Server thread/INFO]: Max TNT Explosions: 100
[21:42:51] [Server thread/INFO]: Tile Max Tick Time: 50ms Entity max Tick Time: 50ms
[21:42:51] [Server thread/INFO]: Hopper Transfer: 8 Hopper Check: 1 Hopper Amount: 1
[21:42:51] [Server thread/INFO]: Entity Activation Range: An 32 / Mo 32 / Ra 48 / Mi 16 / Tiv true
[21:42:51] [Server thread/INFO]: Preparing start region for dimension minecraft:overworld
[21:42:51] [Server thread/INFO]: Loaded 0 spawn chunks for world world
[21:42:51] [Server thread/INFO]: Preparing spawn area: 0%
[21:42:51] [Server thread/INFO]: Time elapsed: 401 ms
[21:42:51] [Server thread/INFO]: Preparing start region for dimension minecraft:the_nether
[21:42:51] [Server thread/INFO]: Loaded 0 spawn chunks for world world_nether
[21:42:51] [Server thread/INFO]: Time elapsed: 55 ms
[21:42:51] [Server thread/INFO]: Preparing start region for dimension minecraft:the_end
[21:42:51] [Server thread/INFO]: Loaded 0 spawn chunks for world world_the_end
[21:42:51] [Server thread/INFO]: Time elapsed: 150 ms
[21:42:51] [Server thread/INFO]: [PlaceholderAPI] Enabling PlaceholderAPI v2.10.9
[21:42:51] [Server thread/INFO]: [PlaceholderAPI] Fetching available expansion information...
[21:42:51] [Server thread/INFO]: [BkShop] Enabling BkShop v2.4
[21:42:51] [Server thread/INFO]: [MySkin] Enabling MySkin v3.3
[21:42:51] [Server thread/INFO]: [MySkin] Running on server version v1_16_R3
[21:42:51] [Server thread/INFO]: [Votifier] [Votifier] Enabling Votifier v1.9*
[21:42:51] [Server thread/INFO]: [Votifier] [Votifier] Votifier enabled.
[21:42:51] [Server thread/INFO]: [MinecraftServerManager] Enabling MinecraftServerManager v1.0.3
[21:42:51] [Server thread/INFO]: [LagAssist] Enabling LagAssist v2.23.0
[21:42:51] [Server thread/INFO]: LagAssist » Enabling Systems:
[21:42:51] [Server thread/INFO]:     [?] Economy manager
[21:42:51] [Server thread/INFO]:     [?] Smart Mob Tools.
[21:42:51] [Server thread/INFO]:     [?] MicroFeatures.
[21:42:51] [Server thread/INFO]:     [?] Hopper Manager.
[21:42:51] [Server thread/INFO]:     [?] Redstone Culler.
[21:42:51] [Server thread/INFO]:     [?] Physics-Tweaker.
[21:42:51] [Server thread/INFO]:     [?] Lag Monitor.
[21:42:51] [Server thread/INFO]:     [?] MapVisualizer.
[21:42:51] [Server thread/INFO]:     [?] Chunk Analyser.
[21:42:51] [Server thread/INFO]:     [?] Chunk Limiter.
[21:42:51] [Server thread/INFO]:     [?] StatsAnalyse.
[21:42:51] [Server thread/INFO]:     [?] LogCleaner System.
[21:42:51] [Server thread/INFO]:     [?] Spawner Manager.
[21:42:52] [Server thread/INFO]:     [?] GUI.
[21:42:52] [Server thread/INFO]:     [?] Injecting PacketListener.
[21:42:52] [Server thread/INFO]:     [?] API Tools.
[21:42:52] [Server thread/INFO]: [Citizens] Enabling Citizens v2.0.27-SNAPSHOT (build 2184)
[21:42:52] [Server thread/ERROR]: [Citizens] Missing translation for system language (pt_BR): defaulting to English
[21:42:52] [Server thread/WARN]: [NexEngine] Loaded class net.citizensnpcs.api.trait.TraitInfo from Citizens v2.0.27-SNAPSHOT (build 2184) which is not a depend, softdepend or loadbefore of this plugin.
[21:42:52] [Server thread/INFO]: [NexEngine] [Hook] Citizens: Success!
[21:42:52] [Server thread/INFO]: [Towny] Enabling Towny v0.96.5.0
[21:42:52] [Server thread/INFO]: ====================      Towny      ========================
[21:42:52] [Server thread/INFO]: [Towny] Lang: english.yml v0.91 loaded.
[21:42:52] [Server thread/INFO]: [Towny] Database: [Load] flatfile [Save] flatfile
[21:42:52] [Server thread/INFO]: [Towny] Database: Loaded in 22ms.
[21:42:52] [Server thread/INFO]: [Towny] Database: 100% of residents have stored UUIDs.
[21:42:52] [Server thread/INFO]: [Towny] Searching for third-party plugins...
[21:42:52] [ForkJoinPool.commonPool-worker-2/INFO]: [Towny] Cleaning up old backups...
[21:42:52] [ForkJoinPool.commonPool-worker-2/INFO]: [Towny] Successfully cleaned backups.
[21:42:52] [ForkJoinPool.commonPool-worker-2/INFO]: [Towny] Making backup...
[21:42:52] [Server thread/INFO]: [PlaceholderAPI] Successfully registered expansion: townyadvanced
[21:42:52] [Server thread/INFO]: [Towny] Plugins found: 
[21:42:52] [Server thread/INFO]:   Permissions: TownyPerms, BukkitPermissions
[21:42:52] [Server thread/INFO]:   Economy: CMIEconomy via Vault
[21:42:52] [Server thread/INFO]:   Add-ons: TownyChat v0.83, PlaceholderAPI v2.10.9
[21:42:52] [Server thread/INFO]: [Towny] Time until a New Day: 14 hours, 17 minutes, 8 seconds
[21:42:52] [ForkJoinPool.commonPool-worker-2/INFO]: [Towny] Towny flatfiles and settings successfully backed up.
[21:42:52] [Server thread/INFO]: =============================================================
[21:42:52] [Server thread/INFO]: [Towny] Version: 0.96.5.0 - Plugin Enabled
[21:42:52] [Server thread/INFO]: =============================================================
[21:42:52] [Server thread/INFO]: [CommandPanels] Enabling CommandPanels v3.14.1.3
[21:42:52] [Server thread/INFO]: [CommandPanels] RockyHawk's CommandPanels v3.14.1.3 Plugin Loading...
[21:42:53] [Server thread/INFO]: [CommandPanels] RockyHawk's CommandPanels v3.14.1.3 Plugin Loaded!
[21:42:53] [Server thread/INFO]: [WorldGuard] Enabling WorldGuard v7.0.4+f7ff984
[21:42:53] [Server thread/INFO]: [WorldGuard] (world) TNT ignition is PERMITTED.
[21:42:53] [Server thread/INFO]: [WorldGuard] (world) Lighters are PERMITTED.
[21:42:53] [Server thread/INFO]: [WorldGuard] (world) Lava fire is PERMITTED.
[21:42:53] [Server thread/INFO]: [WorldGuard] (world) Fire spread is UNRESTRICTED.
[21:42:53] [Server thread/INFO]: [WorldGuard] Loaded configuration for world 'world'
[21:42:53] [Server thread/INFO]: [WorldGuard] (world_nether) TNT ignition is PERMITTED.
[21:42:53] [Server thread/INFO]: [WorldGuard] (world_nether) Lighters are PERMITTED.
[21:42:53] [Server thread/INFO]: [WorldGuard] (world_nether) Lava fire is PERMITTED.
[21:42:53] [Server thread/INFO]: [WorldGuard] (world_nether) Fire spread is UNRESTRICTED.
[21:42:53] [Server thread/INFO]: [WorldGuard] Loaded configuration for world 'world_nether'
[21:42:53] [Server thread/INFO]: [WorldGuard] (world_the_end) TNT ignition is PERMITTED.
[21:42:53] [Server thread/INFO]: [WorldGuard] (world_the_end) Lighters are PERMITTED.
[21:42:53] [Server thread/INFO]: [WorldGuard] (world_the_end) Lava fire is PERMITTED.
[21:42:53] [Server thread/INFO]: [WorldGuard] (world_the_end) Fire spread is UNRESTRICTED.
[21:42:53] [Server thread/INFO]: [WorldGuard] Loaded configuration for world 'world_the_end'
[21:42:53] [Server thread/INFO]: [WorldGuard] Loading region data...
[21:42:53] [Server thread/INFO]: [NexEngine] [Hook] WorldGuard: Success!
[21:42:53] [Server thread/INFO]: [TownyChat] Enabling TownyChat v0.83
[21:42:53] [Server thread/INFO]: [TownyChat] Default Channel set to general
[21:42:53] [Server thread/INFO]: [TownyChat] Towny version 0.96.5.0 found.
[21:42:53] [Server thread/INFO]: [TownyNameUpdater] Enabling TownyNameUpdater v5.0
[21:42:53] [Server thread/INFO]: [mcMMO] Enabling mcMMO v2.1.158
[21:42:53] [Server thread/INFO]: [mcMMO] Platform String: 1.16.4-R0.1-SNAPSHOT
[21:42:53] [Server thread/INFO]: [mcMMO] Minecraft version determined to be - 1.16.4
[21:42:53] [Server thread/INFO]: [mcMMO] Loading compatibility layers...
[21:42:53] [Server thread/INFO]: [mcMMO] Finished loading compatibility layers.
[21:42:55] [Server thread/INFO]: [mcMMO] Enabling Acrobatics Skills
[21:42:55] [Server thread/INFO]: [mcMMO] Registered subskill: Roll
[21:42:55] [Server thread/INFO]: [mcMMO] 0 entries in mcMMO World Blacklist
[21:42:55] [Server thread/INFO]: [GriefPrevention] Enabling GriefPrevention v16.16.0
[21:42:55] [Server thread/INFO]: [GriefPrevention] Finished loading configuration.
[21:42:55] [Server thread/INFO]: [GriefPrevention] 2 total claims loaded.
[21:42:56] [Server thread/INFO]: [GriefPrevention] Customizable messages loaded.
[21:42:56] [Server thread/INFO]: [GriefPrevention] Successfully hooked into WorldGuard.
[21:42:56] [Server thread/INFO]: [GriefPrevention] Finished loading data (File Mode).
[21:42:56] [Server thread/INFO]: [GriefPrevention] Boot finished.
[21:42:56] [Server thread/INFO]: [CMI] Enabling CMI v8.7.11.2
[21:42:56] [Server thread/INFO]: [CMIPaperLib] Enabling CMIPaperLib v1.0.0
[21:42:57] [Server thread/INFO]: ????? ?????? ????
[21:42:57] [Server thread/INFO]: ????? ? ?? ? ????
[21:42:57] [Server thread/INFO]: ?? ?? ??????  ?? 
[21:42:57] [Server thread/INFO]: ?? ?? ??????  ?? 
[21:42:57] [Server thread/INFO]: ????? ?????? ????
[21:42:57] [Server thread/INFO]: ????? ?????? ????
[21:42:57] [Server thread/INFO]: _______________________________________________________
[21:42:57] [Server thread/INFO]:   Integrating PaperSpigot async methods
[21:42:57] [Server thread/INFO]:   Citizens found.
[21:42:57] [Server thread/INFO]:   54 Enabled and 0 Disabled modules
[21:42:57] [Server thread/INFO]:   Votifier found. Enabling vote listeners
[21:42:57] [Server thread/INFO]:   Permission plugin: Vault
[21:42:57] [Server thread/INFO]:   Initialized Cipher128 AES
[21:42:58] [Server thread/INFO]:   Loaded (52) regular alias into memory. Took 16ms
[21:42:58] [Server thread/INFO]:   Loaded (1) custom text's into memory. Took 1ms
[21:42:58] [Server thread/INFO]:   3.32.3 data base type detected
[21:42:58] [Server thread/INFO]:   Started SqLite data base. Took 125ms
[21:42:58] [Server thread/INFO]:   Enabled Towny support
[21:42:58] [Server thread/INFO]:   Vault was found - Enabling capabilities. Economy: CMIEconomy
[21:42:58] [Server thread/INFO]:   Loaded (5) warning categories into memory. Took 0ms
[21:42:58] [Server thread/INFO]:   Loaded (3) warning commands into memory. Took 0ms
[21:42:58] [Server thread/INFO]:   Loaded (131) custom mob heads into memory. Took 8ms
[21:42:58] [Server thread/INFO]:   Loaded (0) cooldowns into memory. Took 14ms
[21:42:58] [Server thread/INFO]:   Initializing BungeeCord
[21:42:58] [Server thread/INFO]:   Loaded (5) kits into memory. Took 13ms
[21:42:58] [Server thread/INFO]:   Loaded (7) ranks into memory. Took 10ms
[21:42:58] [Server thread/INFO]:   Loaded (8) playtime rewards into memory. Took 2ms
[21:42:58] [Server thread/INFO]:   Loaded (2) player data into memory. Took 7ms
[21:42:58] [Server thread/INFO]:   Loaded (0) playtime records into memory. Took 1ms
[21:42:58] [Server thread/INFO]:   Loaded (0) playtime reward records into memory. Took 0ms
[21:42:58] [Server thread/INFO]:   Loaded (13) custom alias into memory. Took 1ms
[21:42:58] [Server thread/INFO]:   Loaded (1) interactive commands into memory. Took 1ms
[21:42:58] [Server thread/INFO]:   Registered events. Took 340ms
[21:42:58] [Server thread/INFO]:   Loaded (0) event action commands into memory. Took 3ms
[21:42:58] [Server thread/INFO]:   Updated (EN) language file. Took 92ms
[21:42:58] [Server thread/INFO]:   Loaded (245) worth values into memory. Took 10ms
[21:42:58] [Server thread/INFO]:   Loaded (2) warps into memory. Took 1ms
[21:42:58] [Server thread/INFO]:   Vault permissions was found - Enabling capabilities.
[21:42:58] [Server thread/INFO]: [PlaceholderAPI] Successfully registered expansion: cmi
[21:42:58] [Server thread/INFO]:   PlaceholderAPI hooked.
[21:42:58] [Server thread/INFO]:   PlaceholderAPI was found - Enabling capabilities.
[21:42:58] [Server thread/INFO]:   McMMO was found - Enabling capabilities.
[21:42:58] [Server thread/INFO]:   Starting world timer.
[21:42:58] [Server thread/INFO]:   Initializing world manager.
[21:42:58] [Server thread/INFO]:   Loaded (5) schedules into memory. Took 6ms
[21:42:58] [Server thread/INFO]:   Loaded GeoIP
[21:42:58] [Server thread/INFO]:   Loaded (0) skin cache entries into memory. Took 1ms
[21:42:58] [Server thread/INFO]:   Version 8.7.11.2 has been enabled
[21:42:58] [Server thread/INFO]: ???????????????????????????????????????????????????????
[21:42:58] [Server thread/INFO]: [CMIEInjector][Economy] CMI Economy hooked.
[21:42:58] [Server thread/INFO]: [QuantumShop] Enabling QuantumShop v3.10.1
[21:42:58] [Server thread/WARN]: [QuantumShop] ============== DISCLAIMER ==============
[21:42:58] [Server thread/WARN]: [QuantumShop] > You're running an unknown Spigot fork.
[21:42:58] [Server thread/WARN]: [QuantumShop] > This plugin is designed to work on Spigot (spigotmc.org) only!
[21:42:58] [Server thread/WARN]: [QuantumShop] > You won't get any support for any issues unless they persist on regular Spigot.
[21:42:58] [Server thread/WARN]: [QuantumShop] ========================================
[21:42:58] [Server thread/INFO]: [QuantumShop] Powered by: NexEngine
[21:42:58] [Server thread/INFO]: [QuantumShop] [Hook] Citizens: Success!
[21:42:59] [Server thread/INFO]: [QuantumShop] Registered new currency: exp
[21:42:59] [Server thread/INFO]: [QuantumShop] Registered new currency: vault
[21:42:59] [Server thread/INFO]: [QuantumShop] Registered new currency: emeralds
[21:42:59] [Server thread/INFO]: [QuantumShop] Registered new currency: custom-gold
[21:42:59] [Server thread/INFO]: [QuantumShop] [Gui] Shops Loaded: 7
[21:42:59] [Server thread/INFO]: [QuantumShop] Loaded module: Gui v1.70 in 73 ms.
[21:42:59] [Server thread/WARN]: [NexEngine] Loaded class su.nightexpress.quantumshop.modules.list.chestshop.nms.V1_16_R3 from QuantumShop v3.10.1 which is not a depend, softdepend or loadbefore of this plugin.
[21:42:59] [Server thread/INFO]: [QuantumShop] [Chest Shop] Shops Loaded: 30
[21:42:59] [Server thread/INFO]: [QuantumShop] Loaded module: Chest Shop v1.12 in 217 ms.
[21:42:59] [Server thread/INFO]: [QuantumShop] Loaded module: Auction v1.04 in 11 ms.
[21:42:59] [Server thread/INFO]: [QuantumShop] Plugin loaded in 351 ms!
[21:42:59] [Server thread/INFO]: [EpicSpawners] Enabling EpicSpawners v6.4.10
[21:42:59] [Server thread/INFO]:  
[21:42:59] [Server thread/INFO]: =============================
[21:42:59] [Server thread/INFO]: EpicSpawners 6.4.10 by Songoda <3!
[21:42:59] [Server thread/INFO]: Action: Enabling...
[21:42:59] [Server thread/INFO]: [EpicSpawners] Loaded locale "en_US"
[21:42:59] [Server thread/INFO]: [SongodaCore] Hooked EpicSpawners.
[21:43:00] [Server thread/INFO]: [EpicSpawners] Data handler connected using SQLite.
[21:43:00] [Server thread/INFO]: =============================
[21:43:00] [Server thread/INFO]:  
[21:43:00] [Server thread/INFO]: [PlaceholderAPI] Placeholder expansion registration initializing...
[21:43:00] [Server thread/INFO]: Running delayed init tasks
[21:43:00] [Craft Scheduler Thread - 7/INFO]: [QuantumShop] Auto-save: Saved 0 online users | 0 offline users.
[21:43:00] [Craft Scheduler Thread - 5/INFO]: [mcMMO] Cleaned backup files. Deleted 11 of 16 files.
[21:43:00] [Server thread/INFO]: No expansions were registered!
[21:43:00] [Server thread/INFO]: [Citizens] Loaded 4 NPCs.
[21:43:00] [Server thread/INFO]: [TownyChat] -******* TownyChat enabled *******-
[21:43:00] [Server thread/INFO]: Done (14.838s)! For help, type "help"
[21:43:00] [Server thread/INFO]: Timings Reset
[21:43:00] [Craft Scheduler Thread - 5/INFO]: [Vault] Checking for Updates ... 
[21:43:00] [Craft Scheduler Thread - 2/INFO]: [MySkin] You are running up to date version 3.3
[21:43:01] [Server thread/INFO]: [EpicSpawners] Loading Crafting Recipes
[21:43:01] [Craft Scheduler Thread - 5/INFO]: [Vault] No new version available
[21:43:01] [Craft Scheduler Thread - 3/INFO]: LagAssist » You are up to date with LagAssist.
[21:44:25] [User Authenticator #1/INFO]: UUID of player JonasBroder is db951439-4ea6-3caf-b329-52673f399661
[21:44:25] [Server thread/INFO]: JonasBroder joined the game
[21:44:25] [Server thread/INFO]: JonasBroder[/0:0:0:0:0:0:0:1:50528] logged in with entity id 1905 at ([world]422.19986485464193, 60.0, -139.50370062804387)
[21:49:53] [Server thread/INFO]: JonasBroder issued server command: /mcmmo
[21:53:23] [Server thread/INFO]: JonasBroder has made the advancement [Isn't It Iron Pick]
[21:55:25] [Server thread/INFO]: Stopping server
[21:55:25] [Server thread/INFO]: [CMIPaperLib] Disabling CMIPaperLib v1.0.0
[21:55:25] [Server thread/INFO]: [EpicSpawners] Disabling EpicSpawners v6.4.10
[21:55:25] [Server thread/INFO]:  
[21:55:25] [Server thread/INFO]: =============================
[21:55:25] [Server thread/INFO]: EpicSpawners 6.4.10 by Songoda <3!
[21:55:25] [Server thread/INFO]: Action: Disabling...
[21:55:25] [Server thread/INFO]: =============================
[21:55:25] [Server thread/INFO]:  
[21:55:25] [Server thread/INFO]: [CMIEInjector] Disabling CMIEInjector v1.0.2.3
[21:55:25] [Server thread/INFO]: [QuantumShop] Disabling QuantumShop v3.10.1
[21:55:25] [Server thread/INFO]: [QuantumShop] Unloaded module: Gui v1.70
[21:55:25] [Server thread/INFO]: [QuantumShop] Unloaded module: Chest Shop v1.12
[21:55:25] [Server thread/INFO]: [QuantumShop] Unloaded module: Auction v1.04
[21:55:25] [Server thread/INFO]: [QuantumShop] [Citizens Hook] Unregistered listeners
[21:55:25] [Server thread/INFO]: [QuantumShop] Auto-save: Saved 1 online users | 0 offline users.
[21:55:25] [Server thread/INFO]: [CMI] Disabling CMI v8.7.11.2
[21:55:25] [Server thread/INFO]: [CMI] Closed db connections
[21:55:25] [Server thread/INFO]: [GriefPrevention] Disabling GriefPrevention v16.16.0
[21:55:25] [Server thread/INFO]: [GriefPrevention] GriefPrevention disabled.
[21:55:25] [Server thread/INFO]: [NexEngine] Disabling NexEngine v2.0.2
[21:55:25] [Server thread/INFO]: [NexEngine] [Citizens Hook] Unregistered listeners
[21:55:25] [Server thread/INFO]: [mcMMO] Disabling mcMMO v2.1.158
[21:55:25] [Server thread/INFO]: [mcMMO] Saving mcMMOPlayers... (1)
[21:55:25] [Server thread/INFO]: [mcMMO] Saving data for player: JonasBroder
[21:55:25] [Server thread/INFO]: [mcMMO] Finished save operation for 1 players!
[21:55:25] [Server thread/INFO]: [TownyNameUpdater] Disabling TownyNameUpdater v5.0
[21:55:25] [Server thread/INFO]: [TownyChat] Disabling TownyChat v0.83
[21:55:25] [Server thread/INFO]: [WorldGuard] Disabling WorldGuard v7.0.4+f7ff984
[21:55:25] [Server thread/INFO]: [WorldGuard] Shutting down executor and cancelling any pending tasks...
[21:55:25] [Server thread/INFO]: [CommandPanels] Disabling CommandPanels v3.14.1.3
[21:55:25] [Server thread/INFO]: RockyHawk's CommandPanels Plugin Disabled, aww man.
[21:55:25] [Server thread/INFO]: [Towny] Disabling Towny v0.96.5.0
[21:55:25] [Server thread/INFO]: ==============================================================
[21:55:25] [Server thread/INFO]: [Towny] Finishing File IO Tasks...
[21:55:26] [Server thread/INFO]: [Towny] Version: 0.96.5.0 - Plugin Disabled
[21:55:26] [Server thread/INFO]: =============================================================
[21:55:26] [Server thread/INFO]: [WorldEdit] Disabling WorldEdit v7.2.0+a51fa43
[21:55:26] [Server thread/INFO]: Unregistering com.sk89q.worldedit.bukkit.BukkitServerInterface from WorldEdit
[21:55:26] [Server thread/INFO]: [Citizens] Disabling Citizens v2.0.27-SNAPSHOT (build 2184)
[21:55:26] [Server thread/INFO]: [LagAssist] Disabling LagAssist v2.23.0
[21:55:26] [Server thread/INFO]: [MinecraftServerManager] Disabling MinecraftServerManager v1.0.3
[21:55:26] [Server thread/INFO]: [Votifier] [Votifier] Disabling Votifier v1.9
[21:55:26] [Server thread/INFO]: [Votifier] [Votifier] Votifier disabled.
[21:55:26] [Thread-16/WARN]: [Votifier] [Votifier] Protocol error. Ignoring packet - socket closed
[21:55:26] [Server thread/INFO]: [MySkin] Disabling MySkin v3.3
[21:55:26] [Server thread/INFO]: [Vault] Disabling Vault v1.7.3-b131
[21:55:26] [Server thread/INFO]: [BkShop] Disabling BkShop v2.4
[21:55:26] [Server thread/INFO]: [PlaceholderAPI] Disabling PlaceholderAPI v2.10.9
[21:55:26] [Server thread/INFO]: Saving players
[21:55:26] [Server thread/INFO]: JonasBroder lost connection: Server closed
[21:55:26] [Server thread/INFO]: JonasBroder left the game
[21:55:26] [Server thread/INFO]: Saving worlds
[21:55:26] [Server thread/INFO]: Saving chunks for level 'ServerLevel[world]'/minecraft:overworld
[21:55:26] [Server thread/INFO]: ThreadedAnvilChunkStorage (world): All chunks are saved
[21:55:26] [Server thread/INFO]: Saving chunks for level 'ServerLevel[world_nether]'/minecraft:the_nether
[21:55:26] [Server thread/INFO]: ThreadedAnvilChunkStorage (DIM-1): All chunks are saved
[21:55:26] [Server thread/INFO]: Saving chunks for level 'ServerLevel[world_the_end]'/minecraft:the_end
[21:55:26] [Server thread/INFO]: ThreadedAnvilChunkStorage (DIM1): All chunks are saved
[21:55:26] [Server thread/INFO]: ThreadedAnvilChunkStorage (world): All chunks are saved
[21:55:26] [Server thread/INFO]: ThreadedAnvilChunkStorage (DIM-1): All chunks are saved
[21:55:26] [Server thread/INFO]: ThreadedAnvilChunkStorage (DIM1): All chunks are saved
[21:55:26] [Server thread/INFO]: Flushing Chunk IO
[21:55:26] [Server thread/INFO]: Closing Thread Pool
[21:55:26] [Server thread/INFO]: Closing Server
