02:05 Arthop    : http://textures.minecraft.net/texture/46126a6f992ae88b6033bc212ca112ff3dd3f727eaa7ed91c754e6955b01cb50
02:11 JonasBroder: 64
02:11 JonasBroder: 64
02:12 JonasBroder: 64
02:12 JonasBroder: 64
02:12 JonasBroder: 64
02:12 JonasBroder: 64
02:15 Arthop     : 64
02:15 Arthop     : 64
02:15 Arthop     : 64
02:16 Arthop     : 64
02:16 Arthop     : 64
02:16 JonasBroder: 64
02:17 JonasBroder: 64
02:17 JonasBroder: 64
02:17 JonasBroder: 64
02:17 JonasBroder: 64
02:21 JonasBroder: 64
02:21 JonasBroder: 64
02:21 JonasBroder: 64
02:22 JonasBroder: 64
02:47 Arthop    : https://pt.namemc.com/texture/9dd9a4996008db06.png
02:48 JonasBroder: 16
02:49 Arthop     : argentima
02:51 JonasBroder: 16
02:51 JonasBroder: 16
02:51 JonasBroder: 16
02:51 JonasBroder: 16
02:51 JonasBroder: 16
02:51 JonasBroder: 16
02:52 Arthop     : http://textures.minecraft.net/texture/1dc8f6867bb66dc3d5b687373617478cff90257b22ac64b24299c9dc46b9ae11
02:53 Arthop     : http://textures.minecraft.net/texture/3defb71e3f96ecc0b24d37391885b3aafeb397ba665c670a38f73cbe37a78874
