00:04 Arthop    : <<265eaa0e-c3ff-49be-8dd2-993de809da0f>>help 3
00:29 Arthop    :  placed a sign @ world: x-2, z-53
  1
  B 10: 20 S
  acacia planks
00:30 Arthop    :  placed a sign @ world: x-2, z-52
  1
  B 10: S 10
  Wooden Axe
00:41 Arthop    :  placed a sign @ world: x-22, z-67
  Aqui Jaz
  Codornasub
00:42 Arthop    :  placed a sign @ world: x12, z-69
  Aqui Jaz
  Gragastian
00:42 JonasBroder:  placed a sign @ world: x-24, z-64
  o
  /|\
  /\
00:56 Arthop    :  placed a sign @ world: x-6, z-53
  1
  B 10: S 99
  Wooden Axe
00:57 Arthop    :  placed a sign @ world: x-6, z-53
  1
  B 1: S 20
  Stone Axe
00:57 JonasBroder:  placed a sign @ world: x-6, z-53
  JonasBroder
  1
  B 1
  Stone
01:03 JonasBroder:  placed a sign @ world: x-6, z-53
  JonasBroder
  1
  B 1
  Stone
01:14 Arthop     : admins
01:33 JonasBroder: -1
01:34 JonasBroder: 1
01:34 JonasBroder: 0.1
01:34 JonasBroder: 1
01:35 JonasBroder: Caoacete topper
01:35 JonasBroder: Capacete Topper
01:35 JonasBroder: Bem bonito
01:37 JonasBroder: Bem bonitão
01:37 JonasBroder: Bem bonitão
01:37 JonasBroder: a
01:38 JonasBroder: Bem bonitão
01:39 JonasBroder: 3
01:40 JonasBroder: 1
01:40 JonasBroder: 20
02:21 JonasBroder: /t help 
02:21 JonasBroder: /t help 2 
02:21 JonasBroder: /t help2 
02:22 JonasBroder: /t 
18:29 JonasBroder: a
18:35 JonasBroder: a
18:35 JonasBroder: a
18:35 JonasBroder: a
19:12 JonasBroder: aaaaa
19:12 Arthop     : https://streamable.com/ikwwo
19:49 Arthop    : nb
19:49 Arthop    : nb
19:51 Arthop    : ,/cmi kiteditor nb
19:55 Arthop    : cp rulespublic
19:56 Arthop    : cp rulespublic
19:56 Arthop    : cp rulespublic
19:57 JonasBroder: Kit iniciante
19:57 JonasBroder: cancel
19:57 JonasBroder: cancel
20:00 Arthop     : ,/cmi aliaseditor new regras-cp rulespublic
20:01 Arthop     : ,/cmi aliaseditor new kits-cmi kit
20:02 JonasBroder: asConsole! msg! [playerName] Kit Nb recebido!
20:19 JonasBroder: 64
20:20 JonasBroder: 64
20:20 JonasBroder: 64
20:20 JonasBroder: 64
